<?xml version="1.0" encoding="UTF-8"?>
<!-- Generated by org.testng.reporters.JUnitReportReporter -->
<testsuite hostname="PM" failures="0" tests="2" name="TestCase.ExampleTC1" time="0.030" errors="0" timestamp="2024-08-31T13:14:16 EDT" skipped="0">
  <testcase classname="TestCase.ExampleTC1" name="test1" time="0.023"/>
  <testcase classname="TestCase.ExampleTC1" name="test2" time="0.007"/>
</testsuite> <!-- TestCase.ExampleTC1 -->
