<?xml version="1.0" encoding="UTF-8"?>
<!-- Generated by org.testng.reporters.JUnitReportReporter -->
<testsuite hostname="PM" failures="0" tests="1" name="com.testCases.LoginPageSuccessTest" time="0.726" errors="0" timestamp="2024-09-02T02:26:08 EDT" skipped="0">
  <testcase classname="com.testCases.LoginPageSuccessTest" name="successLogin" time="0.726"/>
</testsuite> <!-- com.testCases.LoginPageSuccessTest -->
