<?xml version="1.0" encoding="UTF-8"?>
<!-- Generated by org.testng.reporters.JUnitReportReporter -->
<testsuite hostname="PM" failures="0" tests="2" name="TestCase.ExampleTC2" time="0.014" errors="0" timestamp="2024-08-31T13:14:49 EDT" skipped="0">
  <testcase classname="TestCase.ExampleTC2" name="test1" time="0.011"/>
  <testcase classname="TestCase.ExampleTC2" name="test2" time="0.003"/>
</testsuite> <!-- TestCase.ExampleTC2 -->
