<?xml version="1.0" encoding="UTF-8"?>
<!-- Generated by org.testng.reporters.JUnitReportReporter -->
<testsuite hostname="PM" failures="0" tests="2" name="com.testCases.ExampleTC1" time="0.006" errors="0" timestamp="2024-09-01T01:43:35 EDT" skipped="0">
  <testcase classname="com.testCases.ExampleTC1" name="test3" time="0.001"/>
  <testcase classname="com.testCases.ExampleTC1" name="test1" time="0.005"/>
</testsuite> <!-- com.testCases.ExampleTC1 -->
