<?xml version="1.0" encoding="UTF-8"?>
<!-- Generated by org.testng.reporters.JUnitReportReporter -->
<testsuite hostname="PM" failures="0" tests="1" name="com.testCases.ExampleTC2" time="0.004" errors="0" timestamp="2024-09-01T01:43:35 EDT" skipped="0">
  <testcase classname="com.testCases.ExampleTC2" name="test2" time="0.004"/>
</testsuite> <!-- com.testCases.ExampleTC2 -->
